#
# There is insufficient memory for the Java Runtime Environment to continue.
# Native memory allocation (mmap) failed to map 528482304 bytes for G1 virtual space
# Possible reasons:
#   The system is out of physical RAM or swap space
#   The process is running with CompressedOops enabled, and the Java Heap may be blocking the growth of the native heap
# Possible solutions:
#   Reduce memory load on the system
#   Increase physical memory or swap space
#   Check if swap backing store is full
#   Decrease Java heap size (-Xmx/-Xms)
#   Decrease number of Java threads
#   Decrease Java thread stack sizes (-Xss)
#   Set larger code cache with -XX:ReservedCodeCacheSize=
#   JVM is running with Zero Based Compressed Oops mode in which the Java heap is
#     placed in the first 32GB address space. The Java Heap base address is the
#     maximum limit for the native heap growth. Please use -XX:HeapBaseMinAddress
#     to set the Java Heap base and to place the Java Heap above 32GB virtual address.
# This output file may be truncated or incomplete.
#
#  Out of Memory Error (os_windows.cpp:3548), pid=11784, tid=14044
#
# JRE version:  (17.0.12+8) (build )
# Java VM: Java HotSpot(TM) 64-Bit Server VM (17.0.12+8-LTS-286, mixed mode, sharing, tiered, compressed oops, compressed class ptrs, g1 gc, windows-amd64)
# No core dump will be written. Minidumps are not enabled by default on client versions of Windows
#

---------------  S U M M A R Y ------------

Command Line: C:\Users\wadso\AppData\Local\Temp\surefire12122625484683079339\surefirebooter-20250327042110538_3.jar C:\Users\wadso\AppData\Local\Temp\surefire12122625484683079339 2025-03-27T04-21-09_861-jvmRun1 surefire-20250327042110538_1tmp surefire_0-20250327042110538_2tmp

Host: AMD Ryzen 7 4800H with Radeon Graphics         , 16 cores, 31G,  Windows 11 , 64 bit Build 26100 (10.0.26100.3323)
Time: Thu Mar 27 04:21:12 2025 Hora Padrão de Buenos Aires elapsed time: 2.022113 seconds (0d 0h 0m 2s)

---------------  T H R E A D  ---------------

Current thread (0x000001d947746390):  JavaThread "Unknown thread" [_thread_in_vm, id=14044, stack(0x0000006f79000000,0x0000006f79100000)]

Stack: [0x0000006f79000000,0x0000006f79100000]
Native frames: (J=compiled Java code, j=interpreted, Vv=VM code, C=native code)
V  [jvm.dll+0x67a04a]
V  [jvm.dll+0x7da4ed]
V  [jvm.dll+0x7dbe33]
V  [jvm.dll+0x7dc4a3]
V  [jvm.dll+0x24508f]
V  [jvm.dll+0x677089]
V  [jvm.dll+0x66bd32]
V  [jvm.dll+0x301fa6]
V  [jvm.dll+0x309546]
V  [jvm.dll+0x359d2e]
V  [jvm.dll+0x359f5f]
V  [jvm.dll+0x2d9078]
V  [jvm.dll+0x2d9fe4]
V  [jvm.dll+0x7aca21]
V  [jvm.dll+0x367591]
V  [jvm.dll+0x78b999]
V  [jvm.dll+0x3ec83f]
V  [jvm.dll+0x3ee471]
C  [jli.dll+0x5297]
C  [ucrtbase.dll+0x37b0]
C  [KERNEL32.DLL+0x2e8d7]
C  [ntdll.dll+0xbbf6c]


---------------  P R O C E S S  ---------------

Threads class SMR info:
_java_thread_list=0x00007ffc6f317a18, length=0, elements={
}

Java Threads: ( => current thread )

Other Threads:
  0x000001d9477f8200 GCTaskThread "GC Thread#0" [stack: 0x0000006f79100000,0x0000006f79200000] [id=23012]
  0x000001d947808b60 ConcurrentGCThread "G1 Main Marker" [stack: 0x0000006f79200000,0x0000006f79300000] [id=29076]
  0x000001d94780b000 ConcurrentGCThread "G1 Conc#0" [stack: 0x0000006f79300000,0x0000006f79400000] [id=16984]

[error occurred during error reporting (printing all threads), id 0xc0000005, EXCEPTION_ACCESS_VIOLATION (0xc0000005) at pc=0x00007ffc6eb49b67]

VM state: not at safepoint (not fully initialized)

VM Mutex/Monitor currently owned by a thread:  ([mutex/lock_event])
[0x000001d9477459c0] Heap_lock - owner thread: 0x000001d947746390

Heap address: 0x000000060a000000, size: 8032 MB, Compressed Oops mode: Zero based, Oop shift amount: 3

CDS archive(s) mapped at: [0x0000000000000000-0x0000000000000000-0x0000000000000000), size 0, SharedBaseAddress: 0x0000000800000000, ArchiveRelocationMode: 1.
Narrow klass base: 0x0000000000000000, Narrow klass shift: 0, Narrow klass range: 0x0

GC Precious Log:
<Empty>

Heap:
 garbage-first heap   total 0K, used 0K [0x000000060a000000, 0x0000000800000000)
  region size 4096K, 0 young (0K), 0 survivors (0K)

[error occurred during error reporting (printing heap information), id 0xc0000005, EXCEPTION_ACCESS_VIOLATION (0xc0000005) at pc=0x00007ffc6ef33859]

GC Heap History (0 events):
No events

Deoptimization events (0 events):
No events

Classes unloaded (0 events):
No events

Classes redefined (0 events):
No events

Internal exceptions (0 events):
No events

VM Operations (0 events):
No events

Events (1 events):
Event: 0.008 Loaded shared library C:\Program Files\Java\jdk-17\bin\java.dll


Dynamic libraries:
0x00007ff7c4c30000 - 0x00007ff7c4c40000 	C:\Program Files\Java\jdk-17\bin\java.exe
0x00007ffd2e880000 - 0x00007ffd2eae3000 	C:\WINDOWS\SYSTEM32\ntdll.dll
0x00007ffd2da50000 - 0x00007ffd2db17000 	C:\WINDOWS\System32\KERNEL32.DLL
0x00007ffd2c240000 - 0x00007ffd2c609000 	C:\WINDOWS\System32\KERNELBASE.dll
0x00007ffd2bf80000 - 0x00007ffd2c0cc000 	C:\WINDOWS\System32\ucrtbase.dll
0x00007ffd1c6f0000 - 0x00007ffd1c709000 	C:\Program Files\Java\jdk-17\bin\jli.dll
0x00007ffd1c710000 - 0x00007ffd1c72b000 	C:\Program Files\Java\jdk-17\bin\VCRUNTIME140.dll
0x00007ffd2df50000 - 0x00007ffd2e002000 	C:\WINDOWS\System32\ADVAPI32.dll
0x00007ffd2ca60000 - 0x00007ffd2cb09000 	C:\WINDOWS\System32\msvcrt.dll
0x00007ffd2e790000 - 0x00007ffd2e836000 	C:\WINDOWS\System32\sechost.dll
0x00007ffd2dc20000 - 0x00007ffd2dd36000 	C:\WINDOWS\System32\RPCRT4.dll
0x00007ffd2cb90000 - 0x00007ffd2cd5a000 	C:\WINDOWS\System32\USER32.dll
0x00007ffd2bb20000 - 0x00007ffd2bb47000 	C:\WINDOWS\System32\win32u.dll
0x00007ffd2df00000 - 0x00007ffd2df2a000 	C:\WINDOWS\System32\GDI32.dll
0x00007ffd18500000 - 0x00007ffd18790000 	C:\WINDOWS\WinSxS\amd64_microsoft.windows.common-controls_6595b64144ccf1df_6.0.26100.3323_none_3e088096e3344490\COMCTL32.dll
0x00007ffd2bcc0000 - 0x00007ffd2bdf1000 	C:\WINDOWS\System32\gdi32full.dll
0x00007ffd2bb50000 - 0x00007ffd2bbf3000 	C:\WINDOWS\System32\msvcp_win.dll
0x00007ffd23cb0000 - 0x00007ffd23cbb000 	C:\WINDOWS\SYSTEM32\VERSION.dll
0x00007ffd2ca20000 - 0x00007ffd2ca4f000 	C:\WINDOWS\System32\IMM32.DLL
0x00007ffd1c6e0000 - 0x00007ffd1c6ec000 	C:\Program Files\Java\jdk-17\bin\vcruntime140_1.dll
0x00007ffd1c0f0000 - 0x00007ffd1c17e000 	C:\Program Files\Java\jdk-17\bin\msvcp140.dll
0x00007ffc6e860000 - 0x00007ffc6f440000 	C:\Program Files\Java\jdk-17\bin\server\jvm.dll
0x00007ffd2c890000 - 0x00007ffd2c898000 	C:\WINDOWS\System32\PSAPI.DLL
0x00007ffd21ac0000 - 0x00007ffd21af6000 	C:\WINDOWS\SYSTEM32\WINMM.dll
0x00007ffd110f0000 - 0x00007ffd110fa000 	C:\WINDOWS\SYSTEM32\WSOCK32.dll
0x00007ffd2d610000 - 0x00007ffd2d684000 	C:\WINDOWS\System32\WS2_32.dll
0x00007ffd2a9b0000 - 0x00007ffd2a9ca000 	C:\WINDOWS\SYSTEM32\kernel.appcore.dll
0x00007ffd1c6d0000 - 0x00007ffd1c6da000 	C:\Program Files\Java\jdk-17\bin\jimage.dll
0x00007ffd220b0000 - 0x00007ffd222f1000 	C:\WINDOWS\SYSTEM32\DBGHELP.DLL
0x00007ffd2d6c0000 - 0x00007ffd2da42000 	C:\WINDOWS\System32\combase.dll
0x00007ffd2e510000 - 0x00007ffd2e5e6000 	C:\WINDOWS\System32\OLEAUT32.dll
0x00007ffd09660000 - 0x00007ffd09699000 	C:\WINDOWS\SYSTEM32\dbgcore.DLL
0x00007ffd2ba80000 - 0x00007ffd2bb19000 	C:\WINDOWS\System32\bcryptPrimitives.dll
0x00007ffd1c5d0000 - 0x00007ffd1c5f5000 	C:\Program Files\Java\jdk-17\bin\java.dll

dbghelp: loaded successfully - version: 4.0.5 - missing functions: none
symbol engine: initialized successfully - sym options: 0x614 - pdb path: .;C:\Program Files\Java\jdk-17\bin;C:\WINDOWS\SYSTEM32;C:\WINDOWS\WinSxS\amd64_microsoft.windows.common-controls_6595b64144ccf1df_6.0.26100.3323_none_3e088096e3344490;C:\Program Files\Java\jdk-17\bin\server

VM Arguments:
java_command: C:\Users\wadso\AppData\Local\Temp\surefire12122625484683079339\surefirebooter-20250327042110538_3.jar C:\Users\wadso\AppData\Local\Temp\surefire12122625484683079339 2025-03-27T04-21-09_861-jvmRun1 surefire-20250327042110538_1tmp surefire_0-20250327042110538_2tmp
java_class_path (initial): C:\Users\wadso\AppData\Local\Temp\surefire12122625484683079339\surefirebooter-20250327042110538_3.jar
Launcher Type: SUN_STANDARD

[Global flags]
     intx CICompilerCount                          = 12                                        {product} {ergonomic}
     uint ConcGCThreads                            = 3                                         {product} {ergonomic}
     uint G1ConcRefinementThreads                  = 13                                        {product} {ergonomic}
   size_t G1HeapRegionSize                         = 4194304                                   {product} {ergonomic}
    uintx GCDrainStackTargetSize                   = 64                                        {product} {ergonomic}
   size_t InitialHeapSize                          = 528482304                                 {product} {ergonomic}
   size_t MarkStackSize                            = 4194304                                   {product} {ergonomic}
   size_t MaxHeapSize                              = 8422162432                                {product} {ergonomic}
   size_t MinHeapDeltaBytes                        = 4194304                                   {product} {ergonomic}
   size_t MinHeapSize                              = 8388608                                   {product} {ergonomic}
    uintx NonNMethodCodeHeapSize                   = 7602480                                {pd product} {ergonomic}
    uintx NonProfiledCodeHeapSize                  = 122027880                              {pd product} {ergonomic}
    uintx ProfiledCodeHeapSize                     = 122027880                              {pd product} {ergonomic}
    uintx ReservedCodeCacheSize                    = 251658240                              {pd product} {ergonomic}
     bool SegmentedCodeCache                       = true                                      {product} {ergonomic}
   size_t SoftMaxHeapSize                          = 8422162432                             {manageable} {ergonomic}
     bool UseCompressedClassPointers               = true                           {product lp64_product} {ergonomic}
     bool UseCompressedOops                        = true                           {product lp64_product} {ergonomic}
     bool UseG1GC                                  = true                                      {product} {ergonomic}
     bool UseLargePagesIndividualAllocation        = false                                  {pd product} {ergonomic}

Logging:
Log output configuration:
 #0: stdout all=warning uptime,level,tags
 #1: stderr all=off uptime,level,tags

Environment Variables:
JAVA_HOME=C:/Program Files/Java/jdk-17
PATH=C:\Users\wadso\bin;C:\Program Files\Git\mingw64\bin;C:\Program Files\Git\usr\local\bin;C:\Program Files\Git\usr\bin;C:\Program Files\Git\usr\bin;C:\Program Files\Git\mingw64\bin;C:\Program Files\Git\usr\bin;C:\Users\wadso\bin;C:\Program Files\dotnet;C:\Program Files\Common Files\Oracle\Java\javapath;C:\Program Files (x86)\Common Files\Oracle\Java\java8path;C:\Program Files (x86)\Common Files\Oracle\Java\javapath;C:\Program Files\Microsoft\jdk-11.0.16.101-hotspot\bin;C:\Windows\system32;C:\Windows;C:\Windows\System32\Wbem;C:\Windows\System32\WindowsPowerShell\v1.0;C:\Windows\System32\OpenSSH;C:\Program Files (x86)\NVIDIA Corporation\PhysX\Common;C:\Program Files\NVIDIA Corporation\NVIDIA NvDLISR;C:\Program Files\Sublime Text;C:\Program Files\mingw64\bin;C:\Program Files\mongosh-1.0.1-win32-x64\bin;C:\ffmpeg\bin;C:\exiftool;C:\Users\wadso\AppData\Local\Android\Sdk\platform-tools;C:\Users\wadso\AppData\Local\Android\Sdk\tools\bin;C:\dotnet\nuget.exe;C:\ProgramData\chocolatey\bin;C:\php;C:\php2;C:\WINDOWS\system32;C:\WINDOWS;C:\WINDOWS\System32\Wbem;C:\WINDOWS\System32\WindowsPowerShell\v1.0;C:\WINDOWS\System32\OpenSSH;C:\apache-maven-3.8.6\bin;D:\OneDrive\Code\Desktop\C\api\BaixarVideoTwitter;C:\Users\wadso\AppData\Local\bin\NASM;D:\OneDrive\Code\Software\YouTubeDL;C:\Program Files\eSpeak NG;C:\Program Files (x86)\Windows Kits\10\Windows Performance Toolkit;C:\Program Files\Git\cmd;C:\Program Files\Java\jdk-17\bin;C:\Users\wadso\AppData\Roaming\nvm;C:\Program Files\nodejs;C:\ProgramData\chocolatey\lib\gradle\tools\gradle-8.10.2\bin;C:\Program Files (x86)\Microsoft Visual Studio\2022\BuildTools\VC\Tools\Llvm\bin;C:\Program Files (x86)\Microsoft Visual Studio\2022\BuildTools\VC\Tools\MSVC\14.41.34120\bin\Hostx64\x64;C:\Users\wadso\AppData\Local\Pub\Cache\bin;C:\Program Files\Microsoft SQL Server\150\Tools\Binn;C:\Program Files\Microsoft SQL Server\Client SDK\ODBC\170\Tools\Binn;C:\Program Files\PostgreSQL\16\bin;C:\Users\wadso\AppData\Local\Programs\Python\Python3131\S
USERNAME=wadso
SHELL=C:\Program Files\Git\usr\bin\bash.exe
DISPLAY=needs-to-be-defined
LC_CTYPE=pt_BR.UTF-8
OS=Windows_NT
PROCESSOR_IDENTIFIER=AMD64 Family 23 Model 96 Stepping 1, AuthenticAMD



---------------  S Y S T E M  ---------------

OS:
 Windows 11 , 64 bit Build 26100 (10.0.26100.3323)
OS uptime: 0 days 20:18 hours
Hyper-V role detected

CPU: total 16 (initial active 16) (16 cores per cpu, 2 threads per core) family 23 model 96 stepping 1 microcode 0x8600103, cx8, cmov, fxsr, ht, mmx, 3dnowpref, sse, sse2, sse3, ssse3, sse4a, sse4.1, sse4.2, popcnt, lzcnt, tsc, tscinvbit, avx, avx2, aes, clmul, bmi1, bmi2, adx, sha, fma, vzeroupper, clflush, clflushopt, hv

Memory: 4k page, system-wide physical 32125M (14187M free)
TotalPageFile size 32125M (AvailPageFile size 472M)
current process WorkingSet (physical memory assigned to process): 12M, peak: 12M
current process commit charge ("private bytes"): 71M, peak: 575M

vm_info: Java HotSpot(TM) 64-Bit Server VM (17.0.12+8-LTS-286) for windows-amd64 JRE (17.0.12+8-LTS-286), built on Jun  5 2024 06:46:59 by "mach5one" with MS VC++ 17.6 (VS2022)

END.
